
ROM used:   110/4096 (3%)
            110/4096 (3%) including unused fragments

            0.1 Average locations per line
            4.8 Average locations per statement

RAM used:   6/368 (2%) at main() level
            6/368 (2%) worst case

Stack used: 0 worst case (0 in main + 0 for interrupts)
Stack size: 8

Lines Stmts  %   Files
----- ----- ---  -----
   29    23 100  main.c
    5     0   0  main.h
  657     0   0  C:\Program Files (x86)\PICC\Devices\16F88.h
  657     0   0  C:\Program Files (x86)\PICC\Devices\16f88.h
----- -----
 1348    23 Total

Page ROM  %  RAM    Vol Diff  Functions:
---- --- --- ---    --- ----  ----------
0     34  31    1             @PUTCHAR_1_
0     72  65    1    488  2.8  main
 Inline         0             @cinit1

Program metrics:
    Functions               1
    Statements              23
    Comments                254
    Volume (V)              494
    Difficulty (D)          2.7
    Effort to implement (E) 1331
    Time to implement (T)   1 minutes
    Est Delivered Bugs (B)  0
    Cyclomatic Complexity   4
    Maintainability (MI)    66

 Segment     Used  Free
-----------  ----  ----
00000-00003     4  0  
00004-007FF   106  1938  
00800-00FFF     0  2048  



