Compiling D:\Ezequiel\My eBooks\Favaloro\ED\II\GUIA 5\EX2\TX\main on 20-Oct-20 at 16:03
>>> Warning 225 "C:\Program Files (x86)\PICC\Devices\16f88.h" Line 60(15,19): Duplicate #define
>>> Warning 225 "C:\Program Files (x86)\PICC\Devices\16f88.h" Line 61(15,19): Duplicate #define
>>> Warning 225 "C:\Program Files (x86)\PICC\Devices\16f88.h" Line 62(15,19): Duplicate #define
>>> Warning 225 "C:\Program Files (x86)\PICC\Devices\16f88.h" Line 63(15,19): Duplicate #define
>>> Warning 225 "C:\Program Files (x86)\PICC\Devices\16f88.h" Line 64(15,19): Duplicate #define
>>> Warning 225 "C:\Program Files (x86)\PICC\Devices\16f88.h" Line 65(15,19): Duplicate #define
>>> Warning 225 "C:\Program Files (x86)\PICC\Devices\16f88.h" Line 66(15,19): Duplicate #define
>>> Warning 225 "C:\Program Files (x86)\PICC\Devices\16f88.h" Line 67(15,19): Duplicate #define
>>> Warning 225 "C:\Program Files (x86)\PICC\Devices\16f88.h" Line 69(15,19): Duplicate #define
>>> Warning 225 "C:\Program Files (x86)\PICC\Devices\16f88.h" Line 70(15,19): Duplicate #define
>>> Warning 225 "C:\Program Files (x86)\PICC\Devices\16f88.h" Line 71(15,19): Duplicate #define
>>> Warning 225 "C:\Program Files (x86)\PICC\Devices\16f88.h" Line 72(15,19): Duplicate #define
>>> Warning 225 "C:\Program Files (x86)\PICC\Devices\16f88.h" Line 73(15,19): Duplicate #define
>>> Warning 225 "C:\Program Files (x86)\PICC\Devices\16f88.h" Line 74(15,19): Duplicate #define
>>> Warning 225 "C:\Program Files (x86)\PICC\Devices\16f88.h" Line 75(15,19): Duplicate #define
>>> Warning 225 "C:\Program Files (x86)\PICC\Devices\16f88.h" Line 76(15,19): Duplicate #define
>>> Warning 225 "C:\Program Files (x86)\PICC\Devices\16f88.h" Line 79(14,16): Duplicate #define
>>> Warning 225 "C:\Program Files (x86)\PICC\Devices\16f88.h" Line 80(13,15): Duplicate #define
>>> Warning 225 "C:\Program Files (x86)\PICC\Devices\16f88.h" Line 82(13,18): Duplicate #define
>>> Warning 225 "C:\Program Files (x86)\PICC\Devices\16f88.h" Line 83(16,21): Duplicate #define
>>> Warning 225 "C:\Program Files (x86)\PICC\Devices\16f88.h" Line 85(13,19): Duplicate #define
>>> Warning 225 "C:\Program Files (x86)\PICC\Devices\16f88.h" Line 86(14,20): Duplicate #define
>>> Warning 225 "C:\Program Files (x86)\PICC\Devices\16f88.h" Line 87(16,22): Duplicate #define
>>> Warning 225 "C:\Program Files (x86)\PICC\Devices\16f88.h" Line 88(13,21): Duplicate #define
>>> Warning 225 "C:\Program Files (x86)\PICC\Devices\16f88.h" Line 89(14,22): Duplicate #define
>>> Warning 225 "C:\Program Files (x86)\PICC\Devices\16f88.h" Line 90(14,19): Duplicate #define
>>> Warning 225 "C:\Program Files (x86)\PICC\Devices\16f88.h" Line 91(14,19): Duplicate #define
>>> Warning 225 "C:\Program Files (x86)\PICC\Devices\16f88.h" Line 100(23,32): Duplicate #define
>>> Warning 225 "C:\Program Files (x86)\PICC\Devices\16f88.h" Line 101(20,32): Duplicate #define
>>> Warning 225 "C:\Program Files (x86)\PICC\Devices\16f88.h" Line 102(24,32): Duplicate #define
>>> Warning 225 "C:\Program Files (x86)\PICC\Devices\16f88.h" Line 103(22,32): Duplicate #define
>>> Warning 225 "C:\Program Files (x86)\PICC\Devices\16f88.h" Line 104(24,32): Duplicate #define
>>> Warning 225 "C:\Program Files (x86)\PICC\Devices\16f88.h" Line 105(25,32): Duplicate #define
>>> Warning 225 "C:\Program Files (x86)\PICC\Devices\16f88.h" Line 119(20,27): Duplicate #define
>>> Warning 225 "C:\Program Files (x86)\PICC\Devices\16f88.h" Line 120(22,25): Duplicate #define
>>> Warning 225 "C:\Program Files (x86)\PICC\Devices\16f88.h" Line 121(22,25): Duplicate #define
>>> Warning 225 "C:\Program Files (x86)\PICC\Devices\16f88.h" Line 123(17,24): Duplicate #define
>>> Warning 225 "C:\Program Files (x86)\PICC\Devices\16f88.h" Line 124(17,24): Duplicate #define
>>> Warning 225 "C:\Program Files (x86)\PICC\Devices\16f88.h" Line 125(17,24): Duplicate #define
>>> Warning 225 "C:\Program Files (x86)\PICC\Devices\16f88.h" Line 126(17,24): Duplicate #define
>>> Warning 225 "C:\Program Files (x86)\PICC\Devices\16f88.h" Line 127(18,24): Duplicate #define
>>> Warning 225 "C:\Program Files (x86)\PICC\Devices\16f88.h" Line 128(18,24): Duplicate #define
>>> Warning 225 "C:\Program Files (x86)\PICC\Devices\16f88.h" Line 129(18,24): Duplicate #define
>>> Warning 225 "C:\Program Files (x86)\PICC\Devices\16f88.h" Line 130(19,24): Duplicate #define
>>> Warning 225 "C:\Program Files (x86)\PICC\Devices\16f88.h" Line 131(19,24): Duplicate #define
>>> Warning 225 "C:\Program Files (x86)\PICC\Devices\16f88.h" Line 134(17,29): Duplicate #define
>>> Warning 225 "C:\Program Files (x86)\PICC\Devices\16f88.h" Line 138(22,28): Duplicate #define
>>> Warning 225 "C:\Program Files (x86)\PICC\Devices\16f88.h" Line 139(24,32): Duplicate #define
>>> Warning 225 "C:\Program Files (x86)\PICC\Devices\16f88.h" Line 140(24,27): Duplicate #define
>>> Warning 225 "C:\Program Files (x86)\PICC\Devices\16f88.h" Line 141(19,26): Duplicate #define
>>> Warning 225 "C:\Program Files (x86)\PICC\Devices\16f88.h" Line 142(19,26): Duplicate #define
>>> Warning 225 "C:\Program Files (x86)\PICC\Devices\16f88.h" Line 143(19,26): Duplicate #define
>>> Warning 225 "C:\Program Files (x86)\PICC\Devices\16f88.h" Line 144(19,26): Duplicate #define
>>> Warning 225 "C:\Program Files (x86)\PICC\Devices\16f88.h" Line 145(20,26): Duplicate #define
>>> Warning 225 "C:\Program Files (x86)\PICC\Devices\16f88.h" Line 146(20,26): Duplicate #define
>>> Warning 225 "C:\Program Files (x86)\PICC\Devices\16f88.h" Line 147(20,26): Duplicate #define
>>> Warning 225 "C:\Program Files (x86)\PICC\Devices\16f88.h" Line 148(21,26): Duplicate #define
>>> Warning 225 "C:\Program Files (x86)\PICC\Devices\16f88.h" Line 149(21,26): Duplicate #define
>>> Warning 225 "C:\Program Files (x86)\PICC\Devices\16f88.h" Line 150(19,31): Duplicate #define
>>> Warning 225 "C:\Program Files (x86)\PICC\Devices\16f88.h" Line 165(17,29): Duplicate #define
>>> Warning 225 "C:\Program Files (x86)\PICC\Devices\16f88.h" Line 166(17,29): Duplicate #define
>>> Warning 225 "C:\Program Files (x86)\PICC\Devices\16f88.h" Line 167(17,29): Duplicate #define
>>> Warning 225 "C:\Program Files (x86)\PICC\Devices\16f88.h" Line 168(18,29): Duplicate #define
>>> Warning 225 "C:\Program Files (x86)\PICC\Devices\16f88.h" Line 169(18,29): Duplicate #define
>>> Warning 225 "C:\Program Files (x86)\PICC\Devices\16f88.h" Line 170(18,29): Duplicate #define
>>> Warning 225 "C:\Program Files (x86)\PICC\Devices\16f88.h" Line 171(19,29): Duplicate #define
>>> Warning 225 "C:\Program Files (x86)\PICC\Devices\16f88.h" Line 172(19,29): Duplicate #define
>>> Warning 225 "C:\Program Files (x86)\PICC\Devices\16f88.h" Line 177(15,37): Duplicate #define
>>> Warning 225 "C:\Program Files (x86)\PICC\Devices\16f88.h" Line 178(16,36): Duplicate #define
>>> Warning 225 "C:\Program Files (x86)\PICC\Devices\16f88.h" Line 179(19,33): Duplicate #define
>>> Warning 225 "C:\Program Files (x86)\PICC\Devices\16f88.h" Line 180(18,33): Duplicate #define
>>> Warning 225 "C:\Program Files (x86)\PICC\Devices\16f88.h" Line 181(18,33): Duplicate #define
>>> Warning 225 "C:\Program Files (x86)\PICC\Devices\16f88.h" Line 182(18,33): Duplicate #define
>>> Warning 225 "C:\Program Files (x86)\PICC\Devices\16f88.h" Line 183(20,45): Duplicate #define
>>> Warning 225 "C:\Program Files (x86)\PICC\Devices\16f88.h" Line 184(20,33): Duplicate #define
>>> Warning 225 "C:\Program Files (x86)\PICC\Devices\16f88.h" Line 185(20,33): Duplicate #define
>>> Warning 225 "C:\Program Files (x86)\PICC\Devices\16f88.h" Line 186(20,33): Duplicate #define
>>> Warning 225 "C:\Program Files (x86)\PICC\Devices\16f88.h" Line 187(21,33): Duplicate #define
>>> Warning 225 "C:\Program Files (x86)\PICC\Devices\16f88.h" Line 188(21,33): Duplicate #define
>>> Warning 225 "C:\Program Files (x86)\PICC\Devices\16f88.h" Line 189(21,33): Duplicate #define
>>> Warning 225 "C:\Program Files (x86)\PICC\Devices\16f88.h" Line 190(22,33): Duplicate #define
>>> Warning 225 "C:\Program Files (x86)\PICC\Devices\16f88.h" Line 200(20,30): Duplicate #define
>>> Warning 225 "C:\Program Files (x86)\PICC\Devices\16f88.h" Line 201(20,33): Duplicate #define
>>> Warning 225 "C:\Program Files (x86)\PICC\Devices\16f88.h" Line 202(20,33): Duplicate #define
>>> Warning 225 "C:\Program Files (x86)\PICC\Devices\16f88.h" Line 203(25,33): Duplicate #define
>>> Warning 225 "C:\Program Files (x86)\PICC\Devices\16f88.h" Line 205(19,30): Duplicate #define
>>> Warning 225 "C:\Program Files (x86)\PICC\Devices\16f88.h" Line 207(20,30): Duplicate #define
>>> Warning 225 "C:\Program Files (x86)\PICC\Devices\16f88.h" Line 208(20,33): Duplicate #define
>>> Warning 225 "C:\Program Files (x86)\PICC\Devices\16f88.h" Line 209(20,33): Duplicate #define
>>> Warning 225 "C:\Program Files (x86)\PICC\Devices\16f88.h" Line 210(20,33): Duplicate #define
>>> Warning 225 "C:\Program Files (x86)\PICC\Devices\16f88.h" Line 219(20,30): Duplicate #define
>>> Warning 225 "C:\Program Files (x86)\PICC\Devices\16f88.h" Line 220(20,30): Duplicate #define
>>> Warning 225 "C:\Program Files (x86)\PICC\Devices\16f88.h" Line 221(20,30): Duplicate #define
>>> Warning 225 "C:\Program Files (x86)\PICC\Devices\16f88.h" Line 222(21,31): Duplicate #define
>>> Warning 225 "C:\Program Files (x86)\PICC\Devices\16f88.h" Line 232(16,43): Duplicate #define
>>> Warning 225 "C:\Program Files (x86)\PICC\Devices\16f88.h" Line 233(23,46): Duplicate #define
>>> Warning 225 "C:\Program Files (x86)\PICC\Devices\16f88.h" Line 234(23,46): Duplicate #define
>>> Warning 225 "C:\Program Files (x86)\PICC\Devices\16f88.h" Line 235(26,46): Duplicate #define
>>> Warning 225 "C:\Program Files (x86)\PICC\Devices\16f88.h" Line 236(27,46): Duplicate #define
>>> Warning 225 "C:\Program Files (x86)\PICC\Devices\16f88.h" Line 237(33,46): Duplicate #define
>>> Warning 225 "C:\Program Files (x86)\PICC\Devices\16f88.h" Line 238(33,46): Duplicate #define
>>> Warning 225 "C:\Program Files (x86)\PICC\Devices\16f88.h" Line 239(24,55): Duplicate #define
>>> Warning 225 "C:\Program Files (x86)\PICC\Devices\16f88.h" Line 240(32,54): Duplicate #define
>>> Warning 225 "C:\Program Files (x86)\PICC\Devices\16f88.h" Line 241(16,50): Duplicate #define
>>> Warning 225 "C:\Program Files (x86)\PICC\Devices\16f88.h" Line 242(23,55): Duplicate #define
>>> Warning 225 "C:\Program Files (x86)\PICC\Devices\16f88.h" Line 243(23,55): Duplicate #define
>>> Warning 225 "C:\Program Files (x86)\PICC\Devices\16f88.h" Line 244(23,55): Duplicate #define
>>> Warning 238 "C:\Program Files (x86)\PICC\Devices\16f88.h" Line 247(2,6): Duplicate #locate
>>> Warning 238 "C:\Program Files (x86)\PICC\Devices\16f88.h" Line 248(2,6): Duplicate #locate
>>> Warning 238 "C:\Program Files (x86)\PICC\Devices\16f88.h" Line 248(61,63): Duplicate #locate
>>> Warning 225 "C:\Program Files (x86)\PICC\Devices\16f88.h" Line 258(21,39): Duplicate #define
>>> Warning 225 "C:\Program Files (x86)\PICC\Devices\16f88.h" Line 259(19,39): Duplicate #define
>>> Warning 225 "C:\Program Files (x86)\PICC\Devices\16f88.h" Line 260(18,39): Duplicate #define
>>> Warning 225 "C:\Program Files (x86)\PICC\Devices\16f88.h" Line 261(26,39): Duplicate #define
>>> Warning 225 "C:\Program Files (x86)\PICC\Devices\16f88.h" Line 262(25,39): Duplicate #define
>>> Warning 225 "C:\Program Files (x86)\PICC\Devices\16f88.h" Line 263(22,39): Duplicate #define
>>> Warning 225 "C:\Program Files (x86)\PICC\Devices\16f88.h" Line 264(23,39): Duplicate #define
>>> Warning 225 "C:\Program Files (x86)\PICC\Devices\16f88.h" Line 265(23,39): Duplicate #define
>>> Warning 225 "C:\Program Files (x86)\PICC\Devices\16f88.h" Line 266(19,39): Duplicate #define
>>> Warning 225 "C:\Program Files (x86)\PICC\Devices\16f88.h" Line 267(24,39): Duplicate #define
>>> Warning 225 "C:\Program Files (x86)\PICC\Devices\16f88.h" Line 269(24,40): Duplicate #define
>>> Warning 225 "C:\Program Files (x86)\PICC\Devices\16f88.h" Line 270(24,40): Duplicate #define
>>> Warning 225 "C:\Program Files (x86)\PICC\Devices\16f88.h" Line 272(29,40): Duplicate #define
>>> Warning 225 "C:\Program Files (x86)\PICC\Devices\16f88.h" Line 273(26,40): Duplicate #define
>>> Warning 225 "C:\Program Files (x86)\PICC\Devices\16f88.h" Line 276(19,42): Duplicate #define
>>> Warning 225 "C:\Program Files (x86)\PICC\Devices\16f88.h" Line 277(19,43): Duplicate #define
>>> Warning 225 "C:\Program Files (x86)\PICC\Devices\16f88.h" Line 290(21,33): Duplicate #define
>>> Warning 225 "C:\Program Files (x86)\PICC\Devices\16f88.h" Line 291(18,33): Duplicate #define
>>> Warning 225 "C:\Program Files (x86)\PICC\Devices\16f88.h" Line 297(20,29): Duplicate #define
>>> Warning 225 "C:\Program Files (x86)\PICC\Devices\16f88.h" Line 298(20,29): Duplicate #define
>>> Warning 225 "C:\Program Files (x86)\PICC\Devices\16f88.h" Line 299(20,29): Duplicate #define
>>> Warning 225 "C:\Program Files (x86)\PICC\Devices\16f88.h" Line 300(20,29): Duplicate #define
>>> Warning 225 "C:\Program Files (x86)\PICC\Devices\16f88.h" Line 301(20,29): Duplicate #define
>>> Warning 225 "C:\Program Files (x86)\PICC\Devices\16f88.h" Line 302(20,29): Duplicate #define
>>> Warning 225 "C:\Program Files (x86)\PICC\Devices\16f88.h" Line 303(20,29): Duplicate #define
>>> Warning 225 "C:\Program Files (x86)\PICC\Devices\16f88.h" Line 304(33,42): Duplicate #define
>>> Warning 238 "C:\Program Files (x86)\PICC\Devices\16f88.h" Line 307(2,5): Duplicate #locate
>>> Warning 238 "C:\Program Files (x86)\PICC\Devices\16f88.h" Line 307(18,20): Duplicate #locate
>>> Warning 225 "C:\Program Files (x86)\PICC\Devices\16f88.h" Line 313(17,23): Duplicate #define
>>> Warning 225 "C:\Program Files (x86)\PICC\Devices\16f88.h" Line 314(18,23): Duplicate #define
>>> Warning 225 "C:\Program Files (x86)\PICC\Devices\16f88.h" Line 316(16,23): Duplicate #define
>>> Warning 225 "C:\Program Files (x86)\PICC\Devices\16f88.h" Line 325(18,22): Duplicate #define
>>> Warning 225 "C:\Program Files (x86)\PICC\Devices\16f88.h" Line 326(19,25): Duplicate #define
>>> Warning 225 "C:\Program Files (x86)\PICC\Devices\16f88.h" Line 327(19,25): Duplicate #define
>>> Warning 225 "C:\Program Files (x86)\PICC\Devices\16f88.h" Line 328(19,25): Duplicate #define
>>> Warning 225 "C:\Program Files (x86)\PICC\Devices\16f88.h" Line 329(17,25): Duplicate #define
>>> Warning 225 "C:\Program Files (x86)\PICC\Devices\16f88.h" Line 330(17,25): Duplicate #define
>>> Warning 225 "C:\Program Files (x86)\PICC\Devices\16f88.h" Line 331(17,25): Duplicate #define
>>> Warning 225 "C:\Program Files (x86)\PICC\Devices\16f88.h" Line 332(17,25): Duplicate #define
>>> Warning 225 "C:\Program Files (x86)\PICC\Devices\16f88.h" Line 334(19,22): Duplicate #define
>>> Warning 225 "C:\Program Files (x86)\PICC\Devices\16f88.h" Line 335(18,22): Duplicate #define
>>> Warning 225 "C:\Program Files (x86)\PICC\Devices\16f88.h" Line 336(19,22): Duplicate #define
>>> Warning 225 "C:\Program Files (x86)\PICC\Devices\16f88.h" Line 340(25,27): Duplicate #define
>>> Warning 225 "C:\Program Files (x86)\PICC\Devices\16f88.h" Line 341(30,32): Duplicate #define
>>> Warning 225 "C:\Program Files (x86)\PICC\Devices\16f88.h" Line 356(16,58): Duplicate #define
>>> Warning 225 "C:\Program Files (x86)\PICC\Devices\16f88.h" Line 357(24,34): Duplicate #define
>>> Warning 225 "C:\Program Files (x86)\PICC\Devices\16f88.h" Line 358(24,34): Duplicate #define
>>> Warning 225 "C:\Program Files (x86)\PICC\Devices\16f88.h" Line 359(24,34): Duplicate #define
>>> Warning 225 "C:\Program Files (x86)\PICC\Devices\16f88.h" Line 360(25,34): Duplicate #define
>>> Warning 225 "C:\Program Files (x86)\PICC\Devices\16f88.h" Line 361(25,34): Duplicate #define
>>> Warning 225 "C:\Program Files (x86)\PICC\Devices\16f88.h" Line 362(25,34): Duplicate #define
>>> Warning 225 "C:\Program Files (x86)\PICC\Devices\16f88.h" Line 363(27,65): Duplicate #define
>>> Warning 225 "C:\Program Files (x86)\PICC\Devices\16f88.h" Line 374(13,42): Duplicate #define
>>> Warning 225 "C:\Program Files (x86)\PICC\Devices\16f88.h" Line 375(13,42): Duplicate #define
>>> Warning 225 "C:\Program Files (x86)\PICC\Devices\16f88.h" Line 376(13,42): Duplicate #define
>>> Warning 225 "C:\Program Files (x86)\PICC\Devices\16f88.h" Line 377(13,42): Duplicate #define
>>> Warning 225 "C:\Program Files (x86)\PICC\Devices\16f88.h" Line 378(13,42): Duplicate #define
>>> Warning 225 "C:\Program Files (x86)\PICC\Devices\16f88.h" Line 379(13,42): Duplicate #define
>>> Warning 225 "C:\Program Files (x86)\PICC\Devices\16f88.h" Line 380(13,42): Duplicate #define
>>> Warning 225 "C:\Program Files (x86)\PICC\Devices\16f88.h" Line 381(19,43): Duplicate #define
>>> Warning 225 "C:\Program Files (x86)\PICC\Devices\16f88.h" Line 382(19,59): Duplicate #define
>>> Warning 225 "C:\Program Files (x86)\PICC\Devices\16f88.h" Line 385(16,53): Duplicate #define
>>> Warning 225 "C:\Program Files (x86)\PICC\Devices\16f88.h" Line 386(17,57): Duplicate #define
>>> Warning 225 "C:\Program Files (x86)\PICC\Devices\16f88.h" Line 387(17,55): Duplicate #define
>>> Warning 225 "C:\Program Files (x86)\PICC\Devices\16f88.h" Line 388(18,59): Duplicate #define
>>> Warning 225 "C:\Program Files (x86)\PICC\Devices\16f88.h" Line 391(27,82): Duplicate #define
>>> Warning 225 "C:\Program Files (x86)\PICC\Devices\16f88.h" Line 392(23,33): Duplicate #define
>>> Warning 225 "C:\Program Files (x86)\PICC\Devices\16f88.h" Line 393(22,33): Duplicate #define
>>> Warning 225 "C:\Program Files (x86)\PICC\Devices\16f88.h" Line 634(15,35): Duplicate #define
>>> Warning 225 "C:\Program Files (x86)\PICC\Devices\16f88.h" Line 635(15,35): Duplicate #define
>>> Warning 225 "C:\Program Files (x86)\PICC\Devices\16f88.h" Line 637(15,41): Duplicate #define
>>> Warning 225 "C:\Program Files (x86)\PICC\Devices\16f88.h" Line 638(15,41): Duplicate #define
>>> Warning 225 "C:\Program Files (x86)\PICC\Devices\16f88.h" Line 639(17,43): Duplicate #define
>>> Warning 225 "C:\Program Files (x86)\PICC\Devices\16f88.h" Line 640(15,45): Duplicate #define
>>> Warning 225 "C:\Program Files (x86)\PICC\Devices\16f88.h" Line 641(20,45): Duplicate #define
>>> Warning 225 "C:\Program Files (x86)\PICC\Devices\16f88.h" Line 642(20,45): Duplicate #define
>>> Warning 225 "C:\Program Files (x86)\PICC\Devices\16f88.h" Line 643(16,43): Duplicate #define
>>> Warning 225 "C:\Program Files (x86)\PICC\Devices\16f88.h" Line 644(15,43): Duplicate #define
>>> Warning 225 "C:\Program Files (x86)\PICC\Devices\16f88.h" Line 645(16,43): Duplicate #define
>>> Warning 225 "C:\Program Files (x86)\PICC\Devices\16f88.h" Line 646(16,43): Duplicate #define
>>> Warning 225 "C:\Program Files (x86)\PICC\Devices\16f88.h" Line 647(19,43): Duplicate #define
>>> Warning 225 "C:\Program Files (x86)\PICC\Devices\16f88.h" Line 648(19,43): Duplicate #define
>>> Warning 225 "C:\Program Files (x86)\PICC\Devices\16f88.h" Line 649(17,43): Duplicate #define
>>> Warning 225 "C:\Program Files (x86)\PICC\Devices\16f88.h" Line 650(16,43): Duplicate #define
>>> Warning 225 "C:\Program Files (x86)\PICC\Devices\16f88.h" Line 651(19,43): Duplicate #define
>>> Warning 225 "C:\Program Files (x86)\PICC\Devices\16f88.h" Line 652(19,43): Duplicate #define
>>> Warning 225 "C:\Program Files (x86)\PICC\Devices\16f88.h" Line 653(17,43): Duplicate #define
>>> Warning 225 "C:\Program Files (x86)\PICC\Devices\16f88.h" Line 654(21,43): Duplicate #define
      Memory usage:   ROM=3%      RAM=2% - 2%
      0 Errors,  198 Warnings.
Build Successful.
