
ROM used:   113/4096 (3%)
            113/4096 (3%) including unused fragments

            0.2 Average locations per line
            6.3 Average locations per statement

RAM used:   14/368 (4%) at main() level
            14/368 (4%) worst case

Stack used: 1 worst case (0 in main + 1 for interrupts)
Stack size: 8

Lines Stmts  %   Files
----- ----- ---  -----
   43    18 100  Problema 1.c
    5     0   0  Problema 1.h
  657     0   0  D:\Program Files\PICC\Devices\16F88.h
----- -----
  705    18 Total

Page ROM  %  RAM    Vol Diff  Functions:
---- --- --- ---    --- ----  ----------
0      8   7    0     17  0.8  ext_isr
0     14  12    0     96  2.9  TIMER0_isr
0     36  32    0    212  2.7  MAIN
 Inline         0             @cinit1

Program metrics:
    Functions               3
    Statements              18
    Comments                146
    Volume (V)              420
    Difficulty (D)          6.5
    Effort to implement (E) 2742
    Time to implement (T)   3 minutes
    Est Delivered Bugs (B)  0
    Cyclomatic Complexity   1
    Maintainability (MI)    67

 Segment     Used  Free
-----------  ----  ----
00000-00003     4  0  
00004-00036    51  0  
00037-007FF    58  1935  
00800-00FFF     0  2048  



