
ROM used:   87/4096 (2%)
            87/4096 (2%) including unused fragments

            0.1 Average locations per line
            8.7 Average locations per statement

RAM used:   13/368 (4%) at main() level
            13/368 (4%) worst case

Stack used: 1 worst case (0 in main + 1 for interrupts)
Stack size: 8

Lines Stmts  %   Files
----- ----- ---  -----
   34    10 100  main.c
    5     0   0  main.h
  657     0   0  D:\Program Files\PICC\Devices\16F88.h
----- -----
  696    10 Total

Page ROM  %  RAM    Vol Diff  Functions:
---- --- --- ---    --- ----  ----------
0     10  11    0     32  1.0  TIMER0_isr
0     28  32    0    143  2.6  MAIN
 Inline         0    212  2.7  @cinit1

Program metrics:
    Functions               3
    Statements              10
    Comments                155
    Volume (V)              506
    Difficulty (D)          6.5
    Effort to implement (E) 3277
    Time to implement (T)   3 minutes
    Est Delivered Bugs (B)  0
    Cyclomatic Complexity   1
    Maintainability (MI)    75

 Segment     Used  Free
-----------  ----  ----
00000-00003     4  0  
00004-00030    45  0  
00031-007FF    38  1961  
00800-00FFF     0  2048  



