MPASM  5.51                INTERRUPCIONES.ASM   9-29-2020  14:44:16         PAGE  1


LOC  OBJECT CODE     LINE SOURCE TEXT
  VALUE

                      00001 ; Electronica Digital II
                      00002 ; Guia 6
                      00003 ; Ejercicio 1
                      00004 ;
                      00005 ; ------------------------------------------------------------------------------
                      00006 ; tmr0_time = (256-n) * 4 * t_osc * prescaler
                      00007 ; ------------------------------------------------------------------------------
                      00008 ; si 4*t_osc = t_ins = 1us (fosc=4mhz)
                      00009 ;    prescaler = 2:4:8:16:32:64:128:256 (3 bits)
                      00010 ;    
                      00011 ;        => tmr0_time(n=0) = tmr0_time_max
                      00012 ;                                          = 256 * 1us * 256
                      00013 ;                                          = 2^16 ms
                      00014 ;                                          ~ 65 ms
                      00015 ;-------------------------------------------------------------------------------
                      00016 ; n = 256 - tmr0_time/t_ins*prescaler
                      00017 ;-------------------------------------------------------------------------------
                      00018 ; n(delay _50_ms) = 256 - 50ms / 1 us*256 
                      00019 ;                                 = 256 - 50*E-3 / E-6*0.26E+3
                      00020 ;                                 = 256 - 50 / 0.26
                      00021 ;                                 ~ 256 - 192
                      00022 ;                                 = 64
                      00023 ;-------------------------------------------------------------------------------
                      00024     list        p=16f84a
                      00025     #include    p16f84a.inc
                      00001         LIST
                      00002 
                      00003 ;==========================================================================
                      00004 ;  MPASM PIC16F84A processor include
                      00005 ; 
                      00006 ;  (c) Copyright 1999-2013 Microchip Technology, All rights reserved
                      00007 ;==========================================================================
                      00008 
                      00208         LIST
2007   3FF9           00026     __config     _WDT_OFF & _XT_OSC & _PWRTE_OFF 
                      00027 ;-------------------------------------------------------------------------------
Warning[207]: Found label after column 1. (STATUS)
  00000003            00028     STATUS              EQU 0x03
Warning[207]: Found label after column 1. (PB)
  00000006            00029         PB              EQU 0x06
Warning[207]: Found label after column 1. (OPTION_REG)
  00000081            00030         OPTION_REG      EQU 0x81
Warning[207]: Found label after column 1. (REPET)
  0000000C            00031         REPET           EQU 0x0c
                      00032 ;-------------------------------------------------------------------------------
                      00033         org         0x000
0000   2???           00034         goto        inicio
                      00035         org         0x005
                      00036 ;-------------------------------------------------------------------------------
                      00037 
0005                  00038 inicio
0005   1683           00039         bsf     STATUS,5            ; -> Banco 1
0006   3000           00040         movlw   0x00                ; 0x00 -> W
MPASM  5.51                INTERRUPCIONES.ASM   9-29-2020  14:44:16         PAGE  2


LOC  OBJECT CODE     LINE SOURCE TEXT
  VALUE

0007   0086           00041         movwf   PB                  ; W -> PB
                      00042         
Message[302]: Register in operand not in bank 0.  Ensure that bank bits are correct.
0008   1381           00043         bcf     OPTION_REG,7            ; PB Pull-up = 0
Message[302]: Register in operand not in bank 0.  Ensure that bank bits are correct.
0009   1281           00044         bcf     OPTION_REG,5            ; T0CS = 0
Message[302]: Register in operand not in bank 0.  Ensure that bank bits are correct.
000A   1601           00045         bsf     OPTION_REG,4            ; T0SE = 1
Message[302]: Register in operand not in bank 0.  Ensure that bank bits are correct.
000B   1181           00046         bcf     OPTION_REG,3            ; PSA = 0
Message[302]: Register in operand not in bank 0.  Ensure that bank bits are correct.
000C   1401           00047         bsf     OPTION_REG,0            ; PS0 = 1
Message[302]: Register in operand not in bank 0.  Ensure that bank bits are correct.
000D   1481           00048         bsf     OPTION_REG,1            ; PS1 = 1
Message[302]: Register in operand not in bank 0.  Ensure that bank bits are correct.
000E   1501           00049         bsf     OPTION_REG,2            ; PS2 = 1
000F   110B           00050         bcf     INTCON,2                ; T0IF = 0
0010   1283           00051         bcf     STATUS,5                ; -> Banco 0
                      00052         
0011                  00053 prendoapago     
0011   2???           00054         call    delay_500ms
0012   1406           00055         bsf     PB,0                    ; PB_0 = 1
0013   2???           00056         call    delay_500ms           
0014   1006           00057         bcf     PB,0                    ; PB_0 = 0
0015   2???           00058         goto    prendoapago
                      00059 
0016                  00060 delay_500ms
0016   300A           00061         movlw   d'10'                    ; 10 -> W (n? de repeticiones)
0017   008C           00062         movwf   REPET                    ; W -> REPET
0018                  00063 bucle_500ms
0018   2???           00064         call    delay_50ms
Message[305]: Using default destination of 1 (file).
0019   0B8C           00065         decfsz  REPET
001A   2???           00066         goto    bucle_500ms
001B   0008           00067         return  
                      00068 
001C                  00069 delay_50ms      
001C   110B           00070         bcf     INTCON,2            ; T0IF = 0
001D   3040           00071         movlw   d'64'               ; 64 -> W
001E   0081           00072         movwf   TMR0                ; W -> TMR0, arranca a contar
001F                  00073 bucle_50ms      
001F   1D0B           00074         btfss   INTCON,2            ; T0IF = ?
0020   2???           00075         goto    bucle_50ms          ; if T0IF == 0
0021   0008           00076         return                      ; if T0IF == 1
                      00077     
Warning[205]: Found directive in column 1. (end)
3FF9                  00078 end
MPASM  5.51                INTERRUPCIONES.ASM   9-29-2020  14:44:16         PAGE  3


SYMBOL TABLE
  LABEL                             VALUE 

C                                 00000000
DC                                00000001
EEADR                             00000009
EECON1                            00000088
EECON2                            00000089
EEDATA                            00000008
EEIE                              00000006
EEIF                              00000004
F                                 00000001
FSR                               00000004
GIE                               00000007
INDF                              00000000
INTCON                            0000000B
INTE                              00000004
INTEDG                            00000006
INTF                              00000001
IRP                               00000007
NOT_PD                            00000003
NOT_RBPU                          00000007
NOT_TO                            00000004
OPTION_REG                        00000081
PB                                00000006
PCL                               00000002
PCLATH                            0000000A
PORTA                             00000005
PORTB                             00000006
PS0                               00000000
PS1                               00000001
PS2                               00000002
PSA                               00000003
RA0                               00000000
RA1                               00000001
RA2                               00000002
RA3                               00000003
RA4                               00000004
RB0                               00000000
RB1                               00000001
RB2                               00000002
RB3                               00000003
RB4                               00000004
RB5                               00000005
RB6                               00000006
RB7                               00000007
RBIE                              00000003
RBIF                              00000000
RD                                00000000
REPET                             0000000C
RP0                               00000005
RP1                               00000006
STATUS                            00000003
T0CS                              00000005
T0IE                              00000005
T0IF                              00000002
MPASM  5.51                INTERRUPCIONES.ASM   9-29-2020  14:44:16         PAGE  4


SYMBOL TABLE
  LABEL                             VALUE 

T0SE                              00000004
TMR0                              00000001
TMR0IE                            00000005
TMR0IF                            00000002
TRISA                             00000085
TRISA0                            00000000
TRISA1                            00000001
TRISA2                            00000002
TRISA3                            00000003
TRISA4                            00000004
TRISB                             00000086
TRISB0                            00000000
TRISB1                            00000001
TRISB2                            00000002
TRISB3                            00000003
TRISB4                            00000004
TRISB5                            00000005
TRISB6                            00000006
TRISB7                            00000007
W                                 00000000
WR                                00000001
WREN                              00000002
WRERR                             00000003
Z                                 00000002
_CONFIG                           00002007
_CP_OFF                           00003FFF
_CP_ON                            0000000F
_DEVID1                           00002006
_FOSC_EXTRC                       00003FFF
_FOSC_HS                          00003FFE
_FOSC_LP                          00003FFC
_FOSC_XT                          00003FFD
_HS_OSC                           00003FFE
_IDLOC0                           00002000
_IDLOC1                           00002001
_IDLOC2                           00002002
_IDLOC3                           00002003
_LP_OSC                           00003FFC
_PWRTE_OFF                        00003FFF
_PWRTE_ON                         00003FF7
_RC_OSC                           00003FFF
_WDTE_OFF                         00003FFB
_WDTE_ON                          00003FFF
_WDT_OFF                          00003FFB
_WDT_ON                           00003FFF
_XT_OSC                           00003FFD
__16F84A                          00000001
__DEBUG                           1
bucle_500ms                       00000018
bucle_50ms                        0000001F
delay_500ms                       00000016
delay_50ms                        0000001C
inicio                            00000005
MPASM  5.51                INTERRUPCIONES.ASM   9-29-2020  14:44:16         PAGE  5


SYMBOL TABLE
  LABEL                             VALUE 

prendoapago                       00000011

Errors   :     0
Warnings :     5 reported,     0 suppressed
Messages :     8 reported,     0 suppressed

