
ROM used:   82/4096 (2%)
            82/4096 (2%) including unused fragments

            0.1 Average locations per line
            10.3 Average locations per statement

RAM used:   13/368 (4%) at main() level
            13/368 (4%) worst case

Stack used: 1 worst case (0 in main + 1 for interrupts)
Stack size: 8

Lines Stmts  %   Files
----- ----- ---  -----
   18     8 100  main.c
    4     0   0  main.h
  657     0   0  D:\Program Files\PICC\Devices\16F88.h
----- -----
  679     8 Total

Page ROM  %  RAM    Vol Diff  Functions:
---- --- --- ---    --- ----  ----------
0     10  12    0     37  1.1  TIMER0_isr
0     23  28    0     98  2.1  MAIN
 Inline         0             @cinit1

Program metrics:
    Functions               2
    Statements              8
    Comments                133
    Volume (V)              168
    Difficulty (D)          3.0
    Effort to implement (E) 505
    Time to implement (T)   0 minutes
    Est Delivered Bugs (B)  0
    Cyclomatic Complexity   1
    Maintainability (MI)    129

 Segment     Used  Free
-----------  ----  ----
00000-00003     4  0  
00004-00030    45  0  
00031-007FF    33  1966  
00800-00FFF     0  2048  



