CCS PCM C Compiler, Version 5.076, 56587               27-oct.-20 15:23

               Filename:   C:\Users\Francisco\Documents\!Facultad - UF\Electrónica Digital II\Ejercicios\Guia4\Problema 2\main.lst

               ROM used:   452 words (11%)
                           Largest free fragment is 2048
               RAM used:   8 (2%) at main() level
                           20 (5%) worst case
               Stack used: 5 locations
               Stack size: 8

*
0000:  MOVLW  01
0001:  MOVWF  0A
0002:  GOTO   179
0003:  NOP
.................... /* 
.................... Realizar un programa y el esquemático en proteus para leer el estado de dos botones. Al presionar uno, se debe mostrar en el  
.................... LCD el texto "Prendiendo". Y al presionar el otro, se debe mostrar en el LCD el texto "Apagando". 
.................... */ 
.................... #include <main.h> 
.................... #include <16F88.h> 
.................... //////////// Standard Header file for the PIC16F88 device //////////////// 
.................... /////////////////////////////////////////////////////////////////////////// 
.................... ////        (C) Copyright 1996, 2014 Custom Computer Services          //// 
.................... //// This source code may only be used by licensed users of the CCS C  //// 
.................... //// compiler.  This source code may only be distributed to other      //// 
.................... //// licensed users of the CCS C compiler.  No other use, reproduction //// 
.................... //// or distribution is permitted without written permission.          //// 
.................... //// Derivative programs created using this software in object code    //// 
.................... //// form are not restricted in any way.                               //// 
.................... /////////////////////////////////////////////////////////////////////////// 
.................... #device PIC16F88 
0004:  DATA 0C,00
0005:  DATA 0C,28
0006:  DATA F2,32
0007:  DATA 6E,32
0008:  DATA E9,32
0009:  DATA 6E,32
000A:  DATA 6F,00
000B:  DATA 8C,20
000C:  DATA F0,30
000D:  DATA E7,30
000E:  DATA 6E,32
000F:  DATA 6F,00
*
00F2:  MOVF   0B,W
00F3:  MOVWF  22
00F4:  BCF    0B.7
00F5:  BSF    03.5
00F6:  BSF    03.6
00F7:  BSF    0C.7
00F8:  BSF    0C.0
00F9:  NOP
00FA:  NOP
00FB:  BCF    03.5
00FC:  BCF    03.6
00FD:  BTFSC  22.7
00FE:  BSF    0B.7
00FF:  BSF    03.6
0100:  MOVF   0C,W
0101:  ANDLW  7F
0102:  BTFSC  03.2
0103:  GOTO   146
0104:  BCF    03.6
0105:  MOVWF  22
0106:  BSF    03.6
0107:  MOVF   0D,W
0108:  BCF    03.6
0109:  MOVWF  23
010A:  BSF    03.6
010B:  MOVF   0F,W
010C:  BCF    03.6
010D:  MOVWF  24
010E:  MOVF   22,W
010F:  MOVWF  25
0110:  CALL   0C6
0111:  MOVF   23,W
0112:  BSF    03.6
0113:  MOVWF  0D
0114:  BCF    03.6
0115:  MOVF   24,W
0116:  BSF    03.6
0117:  MOVWF  0F
0118:  BCF    03.6
0119:  MOVF   0B,W
011A:  MOVWF  25
011B:  BCF    0B.7
011C:  BSF    03.5
011D:  BSF    03.6
011E:  BSF    0C.7
011F:  BSF    0C.0
0120:  NOP
0121:  NOP
0122:  BCF    03.5
0123:  BCF    03.6
0124:  BTFSC  25.7
0125:  BSF    0B.7
0126:  BSF    03.6
0127:  RLF    0C,W
0128:  RLF    0E,W
0129:  ANDLW  7F
012A:  BTFSC  03.2
012B:  GOTO   146
012C:  BCF    03.6
012D:  MOVWF  22
012E:  BSF    03.6
012F:  MOVF   0D,W
0130:  BCF    03.6
0131:  MOVWF  23
0132:  BSF    03.6
0133:  MOVF   0F,W
0134:  BCF    03.6
0135:  MOVWF  24
0136:  MOVF   22,W
0137:  MOVWF  25
0138:  CALL   0C6
0139:  MOVF   23,W
013A:  BSF    03.6
013B:  MOVWF  0D
013C:  BCF    03.6
013D:  MOVF   24,W
013E:  BSF    03.6
013F:  MOVWF  0F
0140:  INCF   0D,F
0141:  BTFSC  03.2
0142:  INCF   0F,F
0143:  BCF    03.6
0144:  GOTO   0F2
0145:  BSF    03.6
0146:  BCF    03.6
0147:  RETURN
....................  
.................... #list 
....................  
.................... #device ADC=10 
.................... #use delay(crystal=4000000) 
*
0010:  MOVLW  27
0011:  MOVWF  04
0012:  BCF    03.7
0013:  MOVF   00,W
0014:  BTFSC  03.2
0015:  GOTO   024
0016:  MOVLW  01
0017:  MOVWF  78
0018:  CLRF   77
0019:  DECFSZ 77,F
001A:  GOTO   019
001B:  DECFSZ 78,F
001C:  GOTO   018
001D:  MOVLW  4A
001E:  MOVWF  77
001F:  DECFSZ 77,F
0020:  GOTO   01F
0021:  GOTO   022
0022:  DECFSZ 00,F
0023:  GOTO   016
0024:  RETURN
....................  
....................  
.................... #define use_portb_lcd TRUE 
.................... #include <lcd.c> 
.................... /////////////////////////////////////////////////////////////////////////////// 
.................... ////                             LCD.C                                     //// 
.................... ////                 Driver for common LCD modules                         //// 
.................... ////                                                                       //// 
.................... ////  lcd_init()   Must be called before any other function.               //// 
.................... ////                                                                       //// 
.................... ////  lcd_putc(c)  Will display c on the next position of the LCD.         //// 
.................... ////                 \a  Set cursor position to upper left                 //// 
.................... ////                 \f  Clear display, set cursor to upper left           //// 
.................... ////                 \n  Go to start of second line                        //// 
.................... ////                 \b  Move back one position                            //// 
.................... ////              If LCD_EXTENDED_NEWLINE is defined, the \n character     //// 
.................... ////              will erase all remanining characters on the current      //// 
.................... ////              line, and move the cursor to the beginning of the next   //// 
.................... ////              line.                                                    //// 
.................... ////              If LCD_EXTENDED_NEWLINE is defined, the \r character     //// 
.................... ////              will move the cursor to the start of the current         //// 
.................... ////              line.                                                    //// 
.................... ////                                                                       //// 
.................... ////  lcd_gotoxy(x,y) Set write position on LCD (upper left is 1,1)        //// 
.................... ////                                                                       //// 
.................... ////  lcd_getc(x,y)   Returns character at position x,y on LCD             //// 
.................... ////                                                                       //// 
.................... ////  lcd_cursor_on(int1 on)   Turn the cursor on (on=TRUE) or off         //// 
.................... ////              (on=FALSE).                                              //// 
.................... ////                                                                       //// 
.................... ////  lcd_set_cgram_char(w, *p)   Write a custom character to the CGRAM.   //// 
.................... ////                                                                       //// 
.................... ////                                                                       //// 
.................... ////  CONFIGURATION                                                        //// 
.................... ////  The LCD can be configured in one of two ways: a.) port access or     //// 
.................... ////  b.) pin access.  Port access requires the entire 7 bit interface     //// 
.................... ////  connected to one GPIO port, and the data bits (D4:D7 of the LCD)     //// 
.................... ////  connected to sequential pins on the GPIO.  Pin access                //// 
.................... ////  has no requirements, all 7 bits of the control interface can         //// 
.................... ////  can be connected to any GPIO using several ports.                    //// 
.................... ////                                                                       //// 
.................... ////  To use port access, #define LCD_DATA_PORT to the SFR location of     //// 
.................... ////  of the GPIO port that holds the interface, -AND- edit LCD_PIN_MAP    //// 
.................... ////  of this file to configure the pin order.  If you are using a         //// 
.................... ////  baseline PIC (PCB), then LCD_OUTPUT_MAP and LCD_INPUT_MAP also must  //// 
.................... ////  be defined.                                                          //// 
.................... ////                                                                       //// 
.................... ////  Example of port access:                                              //// 
.................... ////     #define LCD_DATA_PORT getenv("SFR:PORTD")                         //// 
.................... ////                                                                       //// 
.................... ////  To use pin access, the following pins must be defined:               //// 
.................... ////     LCD_ENABLE_PIN                                                    //// 
.................... ////     LCD_RS_PIN                                                        //// 
.................... ////     LCD_RW_PIN                                                        //// 
.................... ////     LCD_DATA4                                                         //// 
.................... ////     LCD_DATA5                                                         //// 
.................... ////     LCD_DATA6                                                         //// 
.................... ////     LCD_DATA7                                                         //// 
.................... ////                                                                       //// 
.................... ////  Example of pin access:                                               //// 
.................... ////     #define LCD_ENABLE_PIN  PIN_E0                                    //// 
.................... ////     #define LCD_RS_PIN      PIN_E1                                    //// 
.................... ////     #define LCD_RW_PIN      PIN_E2                                    //// 
.................... ////     #define LCD_DATA4       PIN_D4                                    //// 
.................... ////     #define LCD_DATA5       PIN_D5                                    //// 
.................... ////     #define LCD_DATA6       PIN_D6                                    //// 
.................... ////     #define LCD_DATA7       PIN_D7                                    //// 
.................... ////                                                                       //// 
.................... /////////////////////////////////////////////////////////////////////////////// 
.................... ////        (C) Copyright 1996,2010 Custom Computer Services           //// 
.................... //// This source code may only be used by licensed users of the CCS C  //// 
.................... //// compiler.  This source code may only be distributed to other      //// 
.................... //// licensed users of the CCS C compiler.  No other use, reproduction //// 
.................... //// or distribution is permitted without written permission.          //// 
.................... //// Derivative programs created using this software in object code    //// 
.................... //// form are not restricted in any way.                               //// 
.................... /////////////////////////////////////////////////////////////////////////// 
....................  
.................... #ifndef __LCD_C__ 
.................... #define __LCD_C__ 
....................  
.................... // define the pinout. 
.................... // only required if port access is being used. 
.................... typedef struct   
.................... {                            // This structure is overlayed 
....................    int1 enable;           // on to an I/O port to gain 
....................    int1 rs;               // access to the LCD pins. 
....................    int1 rw;               // The bits are allocated from 
....................    int1 unused;           // low order up.  ENABLE will 
....................    unsigned int     data : 4;         // be LSB pin of that port. 
....................   #if defined(__PCD__)       // The port used will be LCD_DATA_PORT. 
....................    unsigned int    reserved: 8; 
....................   #endif 
.................... } LCD_PIN_MAP; 
....................  
.................... // this is to improve compatability with previous LCD drivers that accepted 
.................... // a define labeled 'use_portb_lcd' that configured the LCD onto port B. 
.................... #if ((defined(use_portb_lcd)) && (use_portb_lcd==TRUE)) 
....................  #define LCD_DATA_PORT getenv("SFR:PORTB") 
.................... #endif 
....................  
.................... #if defined(__PCB__) 
....................    // these definitions only need to be modified for baseline PICs. 
....................    // all other PICs use LCD_PIN_MAP or individual LCD_xxx pin definitions. 
.................... /*                                    EN, RS,   RW,   UNUSED,  DATA  */ 
....................  const LCD_PIN_MAP LCD_OUTPUT_MAP =  {0,  0,    0,    0,       0}; 
....................  const LCD_PIN_MAP LCD_INPUT_MAP =   {0,  0,    0,    0,       0xF}; 
.................... #endif 
....................  
.................... ////////////////////// END CONFIGURATION /////////////////////////////////// 
....................  
.................... #ifndef LCD_ENABLE_PIN 
....................    #define lcd_output_enable(x) lcdlat.enable=x 
....................    #define lcd_enable_tris()   lcdtris.enable=0 
.................... #else 
....................    #define lcd_output_enable(x) output_bit(LCD_ENABLE_PIN, x) 
....................    #define lcd_enable_tris()  output_drive(LCD_ENABLE_PIN) 
.................... #endif 
....................  
.................... #ifndef LCD_RS_PIN 
....................    #define lcd_output_rs(x) lcdlat.rs=x 
....................    #define lcd_rs_tris()   lcdtris.rs=0 
.................... #else 
....................    #define lcd_output_rs(x) output_bit(LCD_RS_PIN, x) 
....................    #define lcd_rs_tris()  output_drive(LCD_RS_PIN) 
.................... #endif 
....................  
.................... #ifndef LCD_RW_PIN 
....................    #define lcd_output_rw(x) lcdlat.rw=x 
....................    #define lcd_rw_tris()   lcdtris.rw=0 
.................... #else 
....................    #define lcd_output_rw(x) output_bit(LCD_RW_PIN, x) 
....................    #define lcd_rw_tris()  output_drive(LCD_RW_PIN) 
.................... #endif 
....................  
.................... // original version of this library incorrectly labeled LCD_DATA0 as LCD_DATA4, 
.................... // LCD_DATA1 as LCD_DATA5, and so on.  this block of code makes the driver 
.................... // compatible with any code written for the original library 
.................... #if (defined(LCD_DATA0) && defined(LCD_DATA1) && defined(LCD_DATA2) && defined(LCD_DATA3) && !defined(LCD_DATA4) && !defined(LCD_DATA5) && !defined(LCD_DATA6) && !defined(LCD_DATA7)) 
....................    #define  LCD_DATA4    LCD_DATA0 
....................    #define  LCD_DATA5    LCD_DATA1 
....................    #define  LCD_DATA6    LCD_DATA2 
....................    #define  LCD_DATA7    LCD_DATA3 
.................... #endif 
....................  
.................... #ifndef LCD_DATA4 
.................... #ifndef LCD_DATA_PORT 
....................    #if defined(__PCB__) 
....................       #define LCD_DATA_PORT      0x06     //portb 
....................       #define set_tris_lcd(x)   set_tris_b(x) 
....................    #else 
....................      #if defined(PIN_D0) 
....................       #define LCD_DATA_PORT      getenv("SFR:PORTD")     //portd 
....................      #else 
....................       #define LCD_DATA_PORT      getenv("SFR:PORTB")     //portb 
....................      #endif 
....................    #endif    
.................... #endif 
....................  
.................... #if defined(__PCB__) 
....................    LCD_PIN_MAP lcd, lcdlat; 
....................    #byte lcd = LCD_DATA_PORT 
....................    #byte lcdlat = LCD_DATA_PORT 
.................... #elif defined(__PCM__) 
....................    LCD_PIN_MAP lcd, lcdlat, lcdtris; 
....................    #byte lcd = LCD_DATA_PORT 
....................    #byte lcdlat = LCD_DATA_PORT 
....................    #byte lcdtris = LCD_DATA_PORT+0x80 
.................... #elif defined(__PCH__) 
....................    LCD_PIN_MAP lcd, lcdlat, lcdtris; 
....................    #byte lcd = LCD_DATA_PORT 
....................    #byte lcdlat = LCD_DATA_PORT+9 
....................    #byte lcdtris = LCD_DATA_PORT+0x12 
.................... #elif defined(__PCD__) 
....................    LCD_PIN_MAP lcd, lcdlat, lcdtris; 
....................    #word lcd = LCD_DATA_PORT 
....................    #word lcdlat = LCD_DATA_PORT+2 
....................    #word lcdtris = LCD_DATA_PORT-0x02 
.................... #endif 
.................... #endif   //LCD_DATA4 not defined 
....................  
.................... #ifndef LCD_TYPE 
....................    #define LCD_TYPE 2           // 0=5x7, 1=5x10, 2=2 lines 
.................... #endif 
....................  
.................... #ifndef LCD_LINE_TWO 
....................    #define LCD_LINE_TWO 0x40    // LCD RAM address for the second line 
.................... #endif 
....................  
.................... #ifndef LCD_LINE_LENGTH 
....................    #define LCD_LINE_LENGTH 20 
.................... #endif 
....................  
.................... unsigned int8 lcd_read_nibble(void); 
....................  
.................... unsigned int8 lcd_read_byte(void) 
.................... { 
....................    unsigned int8 low,high; 
....................  
....................  #if defined(__PCB__) 
....................    set_tris_lcd(LCD_INPUT_MAP); 
....................  #else 
....................   #if (defined(LCD_DATA4) && defined(LCD_DATA5) && defined(LCD_DATA6) && defined(LCD_DATA7)) 
....................    output_float(LCD_DATA4); 
....................    output_float(LCD_DATA5); 
....................    output_float(LCD_DATA6); 
....................    output_float(LCD_DATA7); 
....................   #else 
....................    lcdtris.data = 0xF; 
*
003D:  MOVLW  0F
003E:  BSF    03.5
003F:  ANDWF  06,W
0040:  IORLW  F0
0041:  MOVWF  06
....................   #endif 
....................  #endif 
....................          
....................    lcd_output_rw(1); 
0042:  BCF    03.5
0043:  BSF    06.2
....................    delay_cycles(1); 
0044:  NOP
....................    lcd_output_enable(1); 
0045:  BSF    06.0
....................    delay_cycles(1); 
0046:  NOP
....................    high = lcd_read_nibble(); 
0047:  CALL   031
0048:  MOVF   78,W
0049:  MOVWF  2D
....................        
....................    lcd_output_enable(0); 
004A:  BCF    06.0
....................    delay_cycles(1); 
004B:  NOP
....................    lcd_output_enable(1); 
004C:  BSF    06.0
....................    delay_us(1); 
004D:  NOP
....................    low = lcd_read_nibble(); 
004E:  CALL   031
004F:  MOVF   78,W
0050:  MOVWF  2C
....................        
....................    lcd_output_enable(0); 
0051:  BCF    06.0
....................  
....................  #if defined(__PCB__) 
....................    set_tris_lcd(LCD_OUTPUT_MAP); 
....................  #else 
....................   #if (defined(LCD_DATA4) && defined(LCD_DATA5) && defined(LCD_DATA6) && defined(LCD_DATA7)) 
....................    output_drive(LCD_DATA4); 
....................    output_drive(LCD_DATA5); 
....................    output_drive(LCD_DATA6); 
....................    output_drive(LCD_DATA7); 
....................   #else 
....................    lcdtris.data = 0x0; 
0052:  MOVLW  0F
0053:  BSF    03.5
0054:  ANDWF  06,W
0055:  MOVWF  06
....................   #endif 
....................  #endif 
....................  
....................    return( (high<<4) | low); 
0056:  BCF    03.5
0057:  SWAPF  2D,W
0058:  MOVWF  77
0059:  MOVLW  F0
005A:  ANDWF  77,F
005B:  MOVF   77,W
005C:  IORWF  2C,W
005D:  MOVWF  78
.................... } 
....................  
.................... unsigned int8 lcd_read_nibble(void) 
.................... { 
....................   #if (defined(LCD_DATA4) && defined(LCD_DATA5) && defined(LCD_DATA6) && defined(LCD_DATA7)) 
....................    unsigned int8 n = 0x00; 
....................  
....................    /* Read the data port */ 
....................    n |= input(LCD_DATA4); 
....................    n |= input(LCD_DATA5) << 1; 
....................    n |= input(LCD_DATA6) << 2; 
....................    n |= input(LCD_DATA7) << 3; 
....................     
....................    return(n); 
....................   #else 
....................    return(lcd.data); 
*
0031:  MOVF   06,W
0032:  MOVWF  77
0033:  SWAPF  06,W
0034:  ANDLW  0F
0035:  MOVWF  78
....................   #endif 
0036:  RETURN
.................... } 
....................  
.................... void lcd_send_nibble(unsigned int8 n) 
.................... { 
....................   #if (defined(LCD_DATA4) && defined(LCD_DATA5) && defined(LCD_DATA6) && defined(LCD_DATA7)) 
....................    /* Write to the data port */ 
....................    output_bit(LCD_DATA4, bit_test(n, 0)); 
....................    output_bit(LCD_DATA5, bit_test(n, 1)); 
....................    output_bit(LCD_DATA6, bit_test(n, 2)); 
....................    output_bit(LCD_DATA7, bit_test(n, 3)); 
....................   #else       
....................    lcdlat.data = n; 
*
0025:  SWAPF  2D,W
0026:  ANDLW  F0
0027:  MOVWF  77
0028:  MOVLW  0F
0029:  ANDWF  06,W
002A:  IORWF  77,W
002B:  MOVWF  06
....................   #endif 
....................        
....................    delay_cycles(1); 
002C:  NOP
....................    lcd_output_enable(1); 
002D:  BSF    06.0
....................    delay_us(2); 
002E:  GOTO   02F
....................    lcd_output_enable(0); 
002F:  BCF    06.0
0030:  RETURN
.................... } 
....................  
.................... void lcd_send_byte(unsigned int8 address, unsigned int8 n) 
.................... { 
....................   #if defined(__PCB__) 
....................    set_tris_lcd(LCD_OUTPUT_MAP); 
....................   #else 
....................    lcd_enable_tris(); 
*
0037:  BSF    03.5
0038:  BCF    06.0
....................    lcd_rs_tris(); 
0039:  BCF    06.1
....................    lcd_rw_tris(); 
003A:  BCF    06.2
....................   #endif 
....................  
....................    lcd_output_rs(0); 
003B:  BCF    03.5
003C:  BCF    06.1
....................    while ( bit_test(lcd_read_byte(),7) ) ; 
*
005E:  MOVF   78,W
005F:  MOVWF  2C
0060:  BTFSC  2C.7
0061:  GOTO   03D
....................    lcd_output_rs(address); 
0062:  BTFSS  2A.0
0063:  BCF    06.1
0064:  BTFSC  2A.0
0065:  BSF    06.1
....................    delay_cycles(1); 
0066:  NOP
....................    lcd_output_rw(0); 
0067:  BCF    06.2
....................    delay_cycles(1); 
0068:  NOP
....................    lcd_output_enable(0); 
0069:  BCF    06.0
....................    lcd_send_nibble(n >> 4); 
006A:  SWAPF  2B,W
006B:  MOVWF  2C
006C:  MOVLW  0F
006D:  ANDWF  2C,F
006E:  MOVF   2C,W
006F:  MOVWF  2D
0070:  CALL   025
....................    lcd_send_nibble(n & 0xf); 
0071:  MOVF   2B,W
0072:  ANDLW  0F
0073:  MOVWF  2C
0074:  MOVWF  2D
0075:  CALL   025
0076:  RETURN
.................... } 
....................  
.................... #if defined(LCD_EXTENDED_NEWLINE) 
.................... unsigned int8 g_LcdX, g_LcdY; 
.................... #endif 
....................  
.................... void lcd_init(void)  
.................... { 
....................    unsigned int8 i; 
....................    unsigned int8 LCD_INIT_STRING[4] = {0x20 | (LCD_TYPE << 2), 0xc, 1, 6}; 
0077:  MOVLW  28
0078:  MOVWF  23
0079:  MOVLW  0C
007A:  MOVWF  24
007B:  MOVLW  01
007C:  MOVWF  25
007D:  MOVLW  06
007E:  MOVWF  26
....................                              // These bytes need to be sent to the LCD 
....................                              // to start it up. 
....................     
....................  
....................    lcd_output_enable(0); 
007F:  BCF    06.0
....................    lcd_output_rs(0); 
0080:  BCF    06.1
....................    lcd_output_rw(0); 
0081:  BCF    06.2
....................  
....................  #if defined(__PCB__) 
....................    set_tris_lcd(LCD_OUTPUT_MAP); 
....................  #else 
....................   #if (defined(LCD_DATA4) && defined(LCD_DATA5) && defined(LCD_DATA6) && defined(LCD_DATA7)) 
....................    output_drive(LCD_DATA4); 
....................    output_drive(LCD_DATA5); 
....................    output_drive(LCD_DATA6); 
....................    output_drive(LCD_DATA7); 
....................   #else 
....................    lcdtris.data = 0x0; 
0082:  MOVLW  0F
0083:  BSF    03.5
0084:  ANDWF  06,W
0085:  MOVWF  06
....................   #endif 
....................    lcd_enable_tris(); 
0086:  BCF    06.0
....................    lcd_rs_tris(); 
0087:  BCF    06.1
....................    lcd_rw_tris(); 
0088:  BCF    06.2
....................  #endif 
....................      
....................    delay_ms(15); 
0089:  MOVLW  0F
008A:  BCF    03.5
008B:  MOVWF  27
008C:  CALL   010
....................    for(i=1;i<=3;++i) 
008D:  MOVLW  01
008E:  MOVWF  22
008F:  MOVF   22,W
0090:  SUBLW  03
0091:  BTFSS  03.0
0092:  GOTO   09B
....................    { 
....................        lcd_send_nibble(3); 
0093:  MOVLW  03
0094:  MOVWF  2D
0095:  CALL   025
....................        delay_ms(5); 
0096:  MOVLW  05
0097:  MOVWF  27
0098:  CALL   010
0099:  INCF   22,F
009A:  GOTO   08F
....................    } 
....................     
....................    lcd_send_nibble(2); 
009B:  MOVLW  02
009C:  MOVWF  2D
009D:  CALL   025
....................    delay_ms(5); 
009E:  MOVLW  05
009F:  MOVWF  27
00A0:  CALL   010
....................    for(i=0;i<=3;++i) 
00A1:  CLRF   22
00A2:  MOVF   22,W
00A3:  SUBLW  03
00A4:  BTFSS  03.0
00A5:  GOTO   0B2
....................       lcd_send_byte(0,LCD_INIT_STRING[i]); 
00A6:  MOVLW  23
00A7:  ADDWF  22,W
00A8:  MOVWF  04
00A9:  BCF    03.7
00AA:  MOVF   00,W
00AB:  MOVWF  27
00AC:  CLRF   2A
00AD:  MOVF   27,W
00AE:  MOVWF  2B
00AF:  CALL   037
....................  
....................   #if defined(LCD_EXTENDED_NEWLINE) 
00B0:  INCF   22,F
00B1:  GOTO   0A2
00B2:  BCF    0A.3
00B3:  GOTO   18C (RETURN)
....................    g_LcdX = 0; 
....................    g_LcdY = 0; 
....................   #endif 
.................... } 
....................  
.................... void lcd_gotoxy(unsigned int8 x, unsigned int8 y) 
.................... { 
....................    unsigned int8 address; 
....................     
....................    if(y!=1) 
00B4:  DECFSZ 27,W
00B5:  GOTO   0B7
00B6:  GOTO   0BA
....................       address=LCD_LINE_TWO; 
00B7:  MOVLW  40
00B8:  MOVWF  28
00B9:  GOTO   0BB
....................    else 
....................       address=0; 
00BA:  CLRF   28
....................       
....................    address+=x-1; 
00BB:  MOVLW  01
00BC:  SUBWF  26,W
00BD:  ADDWF  28,F
....................    lcd_send_byte(0,0x80|address); 
00BE:  MOVF   28,W
00BF:  IORLW  80
00C0:  MOVWF  29
00C1:  CLRF   2A
00C2:  MOVF   29,W
00C3:  MOVWF  2B
00C4:  CALL   037
....................  
....................   #if defined(LCD_EXTENDED_NEWLINE) 
00C5:  RETURN
....................    g_LcdX = x - 1; 
....................    g_LcdY = y - 1; 
....................   #endif 
.................... } 
....................  
.................... void lcd_putc(char c) 
.................... { 
....................    switch (c) 
00C6:  MOVF   25,W
00C7:  XORLW  07
00C8:  BTFSC  03.2
00C9:  GOTO   0D4
00CA:  XORLW  0B
00CB:  BTFSC  03.2
00CC:  GOTO   0D9
00CD:  XORLW  06
00CE:  BTFSC  03.2
00CF:  GOTO   0E1
00D0:  XORLW  02
00D1:  BTFSC  03.2
00D2:  GOTO   0E7
00D3:  GOTO   0EC
....................    { 
....................       case '\a'   :  lcd_gotoxy(1,1);     break; 
00D4:  MOVLW  01
00D5:  MOVWF  26
00D6:  MOVWF  27
00D7:  CALL   0B4
00D8:  GOTO   0F1
....................  
....................       case '\f'   :  lcd_send_byte(0,1); 
00D9:  CLRF   2A
00DA:  MOVLW  01
00DB:  MOVWF  2B
00DC:  CALL   037
....................                      delay_ms(2); 
00DD:  MOVLW  02
00DE:  MOVWF  27
00DF:  CALL   010
....................                     #if defined(LCD_EXTENDED_NEWLINE) 
....................                      g_LcdX = 0; 
....................                      g_LcdY = 0; 
....................                     #endif 
....................                      break; 
00E0:  GOTO   0F1
....................  
....................      #if defined(LCD_EXTENDED_NEWLINE) 
....................       case '\r'   :  lcd_gotoxy(1, g_LcdY+1);   break; 
....................       case '\n'   : 
....................          while (g_LcdX++ < LCD_LINE_LENGTH) 
....................          { 
....................             lcd_send_byte(1, ' '); 
....................          } 
....................          lcd_gotoxy(1, g_LcdY+2); 
....................          break; 
....................      #else 
....................       case '\n'   : lcd_gotoxy(1,2);        break; 
00E1:  MOVLW  01
00E2:  MOVWF  26
00E3:  MOVLW  02
00E4:  MOVWF  27
00E5:  CALL   0B4
00E6:  GOTO   0F1
....................      #endif 
....................       
....................       case '\b'   : lcd_send_byte(0,0x10);  break; 
00E7:  CLRF   2A
00E8:  MOVLW  10
00E9:  MOVWF  2B
00EA:  CALL   037
00EB:  GOTO   0F1
....................       
....................      #if defined(LCD_EXTENDED_NEWLINE) 
....................       default     :  
....................          if (g_LcdX < LCD_LINE_LENGTH) 
....................          { 
....................             lcd_send_byte(1, c); 
....................             g_LcdX++; 
....................          } 
....................          break; 
....................      #else 
....................       default     : lcd_send_byte(1,c);     break; 
00EC:  MOVLW  01
00ED:  MOVWF  2A
00EE:  MOVF   25,W
00EF:  MOVWF  2B
00F0:  CALL   037
....................      #endif 
....................    } 
00F1:  RETURN
.................... } 
....................   
.................... char lcd_getc(unsigned int8 x, unsigned int8 y) 
.................... { 
....................    char value; 
....................  
....................    lcd_gotoxy(x,y); 
....................    while ( bit_test(lcd_read_byte(),7) ); // wait until busy flag is low 
....................    lcd_output_rs(1); 
....................    value = lcd_read_byte(); 
....................    lcd_output_rs(0); 
....................     
....................    return(value); 
.................... } 
....................  
.................... // write a custom character to the ram 
.................... // which is 0-7 and specifies which character array we are modifying. 
.................... // ptr points to an array of 8 bytes, where each byte is the next row of 
.................... //    pixels.  only bits 0-4 are used.  the last row is the cursor row, and 
.................... //    usually you will want to leave this byte 0x00. 
.................... void lcd_set_cgram_char(unsigned int8 which, unsigned int8 *ptr) 
.................... { 
....................    unsigned int i; 
....................  
....................    which <<= 3; 
....................    which &= 0x38; 
....................  
....................    lcd_send_byte(0, 0x40 | which);  //set cgram address 
....................  
....................    for(i=0; i<8; i++) 
....................    { 
....................       lcd_send_byte(1, *ptr++); 
....................    } 
....................    
....................    #if defined(LCD_EXTENDED_NEWLINE) 
....................     lcd_gotoxy(g_LcdX+1, g_LcdY+1);  //set ddram address 
....................    #endif 
.................... } 
....................  
.................... void lcd_cursor_on(int1 on) 
.................... { 
....................    if (on) 
....................    { 
....................       lcd_send_byte(0,0x0F);           //turn LCD cursor ON 
....................    } 
....................    else 
....................    { 
....................       lcd_send_byte(0,0x0C);           //turn LCD cursor OFF 
....................    } 
.................... } 
....................  
.................... #endif 
....................  
....................  
.................... #BYTE PORTA=0x05 
.................... #BYTE TRISA=0x85 
....................  
.................... void prenderLcd(){ 
.................... 	lcd_putc('\f'); 
*
0148:  MOVLW  0C
0149:  MOVWF  25
014A:  CALL   0C6
.................... 	output_high(pin_b0); 
014B:  BSF    03.5
014C:  BCF    06.0
014D:  BCF    03.5
014E:  BSF    06.0
.................... 	output_b(0x00); 
014F:  BSF    03.5
0150:  CLRF   06
0151:  BCF    03.5
0152:  CLRF   06
.................... 	output_high(pin_b0); 
0153:  BSF    03.5
0154:  BCF    06.0
0155:  BCF    03.5
0156:  BSF    06.0
.................... 	output_b(0xC0); 
0157:  BSF    03.5
0158:  CLRF   06
0159:  MOVLW  C0
015A:  BCF    03.5
015B:  MOVWF  06
.................... 	output_low(pin_b0); 
015C:  BSF    03.5
015D:  BCF    06.0
015E:  BCF    03.5
015F:  BCF    06.0
0160:  BCF    0A.3
0161:  GOTO   1A0 (RETURN)
.................... } 
....................  
.................... void apagarLcd(){ 
.................... 	output_high(pin_b0); 
0162:  BSF    03.5
0163:  BCF    06.0
0164:  BCF    03.5
0165:  BSF    06.0
.................... 	output_b(0x00); 
0166:  BSF    03.5
0167:  CLRF   06
0168:  BCF    03.5
0169:  CLRF   06
.................... 	output_high(pin_b0); 
016A:  BSF    03.5
016B:  BCF    06.0
016C:  BCF    03.5
016D:  BSF    06.0
.................... 	output_b(0x80); 
016E:  BSF    03.5
016F:  CLRF   06
0170:  MOVLW  80
0171:  BCF    03.5
0172:  MOVWF  06
.................... 	output_low(pin_b0); 
0173:  BSF    03.5
0174:  BCF    06.0
0175:  BCF    03.5
0176:  BCF    06.0
0177:  BCF    0A.3
0178:  GOTO   1C2 (RETURN)
.................... } 
....................  
.................... void main() 
0179:  MOVF   03,W
017A:  ANDLW  1F
017B:  MOVWF  03
017C:  CLRF   21
017D:  CLRF   20
017E:  BSF    03.5
017F:  BCF    1F.4
0180:  BCF    1F.5
0181:  MOVF   1B,W
0182:  ANDLW  80
0183:  MOVWF  1B
0184:  MOVLW  07
0185:  MOVWF  1C
0186:  BCF    03.7
.................... { 
.................... 	TRISA=0xFF; 
0187:  MOVLW  FF
0188:  MOVWF  05
.................... 	PORTA=0x00; 
0189:  BCF    03.5
018A:  CLRF   05
....................   	 
.................... 	lcd_init(); 
018B:  GOTO   077
....................   	 
.................... 	lcd_putc("\f"); 
018C:  MOVLW  04
018D:  BSF    03.6
018E:  MOVWF  0D
018F:  MOVLW  00
0190:  MOVWF  0F
0191:  BCF    03.6
0192:  CALL   0F2
....................  
.................... 	while(TRUE) 
.................... 	{ 
.................... 		if(input(PIN_A1)==1){ 
0193:  BSF    03.5
0194:  BSF    05.1
0195:  BCF    03.5
0196:  BTFSS  05.1
0197:  GOTO   1A7
.................... 			delay_ms(300); 
0198:  MOVLW  02
0199:  MOVWF  22
019A:  MOVLW  96
019B:  MOVWF  27
019C:  CALL   010
019D:  DECFSZ 22,F
019E:  GOTO   19A
.................... 			prenderLcd(); 
019F:  GOTO   148
.................... 			printf(lcd_putc,"\fPrendiendo"); 
01A0:  MOVLW  05
01A1:  BSF    03.6
01A2:  MOVWF  0D
01A3:  MOVLW  00
01A4:  MOVWF  0F
01A5:  BCF    03.6
01A6:  CALL   0F2
.................... 		} 
.................... 		if(input(PIN_A0)==1){ 
01A7:  BSF    03.5
01A8:  BSF    05.0
01A9:  BCF    03.5
01AA:  BTFSS  05.0
01AB:  GOTO   1C2
.................... 			delay_ms(300); 
01AC:  MOVLW  02
01AD:  MOVWF  22
01AE:  MOVLW  96
01AF:  MOVWF  27
01B0:  CALL   010
01B1:  DECFSZ 22,F
01B2:  GOTO   1AE
.................... 			printf(lcd_putc,"\fApagando"); 
01B3:  MOVLW  0B
01B4:  BSF    03.6
01B5:  MOVWF  0D
01B6:  MOVLW  00
01B7:  MOVWF  0F
01B8:  BCF    03.6
01B9:  CALL   0F2
.................... 			delay_ms(500); 
01BA:  MOVLW  02
01BB:  MOVWF  22
01BC:  MOVLW  FA
01BD:  MOVWF  27
01BE:  CALL   010
01BF:  DECFSZ 22,F
01C0:  GOTO   1BC
.................... 			apagarLcd(); 
01C1:  GOTO   162
.................... 		} 
01C2:  GOTO   193
.................... 	} 
....................  
.................... } 
01C3:  SLEEP

Configuration Fuses:
   Word  1: 3F61   NOWDT PUT XT MCLR BROWNOUT NOLVP NOCPD NOWRT NODEBUG CCPB0 NOPROTECT
   Word  2: 3FFF   FCMEN IESO
