
ROM used:   452/4096 (11%)
            452/4096 (11%) including unused fragments

            0.4 Average locations per line
            4.0 Average locations per statement

RAM used:   8/368 (2%) at main() level
            20/368 (5%) worst case

Stack used: 5 worst case (5 in main + 0 for interrupts)
Stack size: 8

Lines Stmts  %   Files
----- ----- ---  -----
   54    28  25  main.c
    5     0   0  main.h
  657     0   0  D:\Program Files\PICC\Devices\16F88.h
  456    84  75  D:\Program Files\PICC\Drivers\lcd.c
----- -----
 1172   112 Total

Page ROM  %  RAM    Vol Diff  Functions:
---- --- --- ---    --- ----  ----------
0     21   5    1             @delay_ms1
 Inline         3    596  5.9  lcd_read_byte
0      6   1    0     59  4.2  lcd_read_nibble
0     12   3    1    179  3.3  lcd_send_nibble
0     64  14    3    460  4.7  lcd_send_byte
0     61  13    6    814  7.2  lcd_init
0     18   4    4    208  6.3  lcd_gotoxy
0     44  10    1    354  4.7  lcd_putc
0     26   6    0    106  1.3  prenderLcd
0     23   5    0     86  1.3  apagarLcd
0     75  17    1    354  3.6  MAIN
0      1   0    0    354  3.6  @const658
0     86  19    4    354  3.6  @PSTRINGC7_639
0      6   1    0    354  3.6  @const663
0      5   1    0    354  3.6  @const664
 Inline         0    354  3.6  @cinit1

Program metrics:
    Functions               15
    Statements              112
    Comments                243
    Volume (V)              8492
    Difficulty (D)          59.1
    Effort to implement (E) 502198
    Time to implement (T)   7 hours, 45 minutes
    Est Delivered Bugs (B)  2
    Cyclomatic Complexity   20
    Maintainability (MI)    103

 Segment     Used  Free
-----------  ----  ----
00000-00003     4  0  
00004-007FF   448  1596  
00800-00FFF     0  2048  



