
ROM used:   32/4096 (1%)
            32/4096 (1%) including unused fragments

            0.0 Average locations per line
            3.2 Average locations per statement

RAM used:   7/368 (2%) at main() level
            7/368 (2%) worst case

Stack used: 0 worst case (0 in main + 0 for interrupts)
Stack size: 8

Lines Stmts  %   Files
----- ----- ---  -----
   24    10 100  main.c
    5     0   0  main.h
  657     0   0  D:\Program Files\PICC\Devices\16F88.h
----- -----
  686    10 Total

Page ROM  %  RAM    Vol Diff  Functions:
---- --- --- ---    --- ----  ----------
0     28  88    2    272  4.6  main
 Inline         0             @cinit1

Program metrics:
    Functions               1
    Statements              10
    Comments                127
    Volume (V)              274
    Difficulty (D)          4.4
    Effort to implement (E) 1212
    Time to implement (T)   1 minutes
    Est Delivered Bugs (B)  0
    Cyclomatic Complexity   1
    Maintainability (MI)    55

 Segment     Used  Free
-----------  ----  ----
00000-00003     4  0  
00004-007FF    28  2016  
00800-00FFF     0  2048  



