
ROM used:   100/4096 (2%)
            100/4096 (2%) including unused fragments

            0.1 Average locations per line
            3.6 Average locations per statement

RAM used:   6/368 (2%) at main() level
            8/368 (2%) worst case

Stack used: 2 worst case (2 in main + 0 for interrupts)
Stack size: 8

Lines Stmts  %   Files
----- ----- ---  -----
   46    28 100  main.c
    5     0   0  main.h
  657     0   0  D:\Program Files\PICC\Devices\16F88.h
----- -----
  708    28 Total

Page ROM  %  RAM    Vol Diff  Functions:
---- --- --- ---    --- ----  ----------
0     21  21    1             @delay_ms1
0     38  38    1    221  1.8  ParpadeoInicial
0     37  37    1    336  3.7  MAIN
 Inline         0             @cinit1

Program metrics:
    Functions               2
    Statements              28
    Comments                128
    Volume (V)              670
    Difficulty (D)          5.4
    Effort to implement (E) 3587
    Time to implement (T)   3 minutes
    Est Delivered Bugs (B)  0
    Cyclomatic Complexity   2
    Maintainability (MI)    89

 Segment     Used  Free
-----------  ----  ----
00000-00003     4  0  
00004-007FF    96  1948  
00800-00FFF     0  2048  



