
ROM used:   56/4096 (1%)
            56/4096 (1%) including unused fragments

            0.1 Average locations per line
            7.0 Average locations per statement

RAM used:   6/368 (2%) at main() level
            7/368 (2%) worst case

Stack used: 0 worst case (0 in main + 0 for interrupts)
Stack size: 8

Lines Stmts  %   Files
----- ----- ---  -----
   23     8 100  main.c
    5     0   0  main.h
  657     0   0  D:\Program Files\PICC\Devices\16F88.h
----- -----
  685     8 Total

Page ROM  %  RAM    Vol Diff  Functions:
---- --- --- ---    --- ----  ----------
0     22  39    1             @delay_ms1
0     30  54    1    169  4.0  main
 Inline         0             @cinit1

Program metrics:
    Functions               1
    Statements              8
    Comments                129
    Volume (V)              173
    Difficulty (D)          3.6
    Effort to implement (E) 615
    Time to implement (T)   1 minutes
    Est Delivered Bugs (B)  0
    Cyclomatic Complexity   1
    Maintainability (MI)    63

 Segment     Used  Free
-----------  ----  ----
00000-00003     4  0  
00004-007FF    52  1992  
00800-00FFF     0  2048  



