
ROM used:   773/4096 (19%)
            773/4096 (19%) including unused fragments

            0.6 Average locations per line
            5.6 Average locations per statement

RAM used:   23/368 (6%) at main() level
            49/368 (13%) worst case

Stack used: 7 worst case (3 in main + 4 for interrupts)
Stack size: 8

Lines Stmts  %   Files
----- ----- ---  -----
   93    54  39  main.c
    5     0   0  main.h
  657     0   0  D:\Program Files\PICC\Devices\16F88.h
  456    84  61  D:\Program Files\PICC\Drivers\lcd.c
----- -----
 1211   138 Total

Page ROM  %  RAM    Vol Diff  Functions:
---- --- --- ---    --- ----  ----------
0     21   3    1             @delay_ms1
 Inline         3    596  5.9  lcd_read_byte
 Inline         0     59  4.2  lcd_read_nibble
 Inline         1    179  3.3  lcd_send_nibble
0     93  12    3    460  4.7  lcd_send_byte
 Inline         6    814  7.2  lcd_init
 Inline         4    208  6.3  lcd_gotoxy
0     76  10    1    354  4.7  lcd_putc
0     20   3    0    163  2.9  TIMER0_isr
0      1   0    0             @const655
0     86  11    4             @PSTRINGC7_639
0    120  16    0    158  2.2  init_cicloLCD
0    231  30    1    918  6.2  mde_cicloLCD
0     14   2    0             @const662
0      3   0    0    194  3.4  @const663
0      3   0    0             @const664
0      3   0    0    171  3.4  @const665
0     21   3    0     38  1.2  MAIN
 Inline         0    163  2.1  @cinit1

Program metrics:
    Functions               14
    Statements              138
    Comments                280
    Volume (V)              7382
    Difficulty (D)          57.0
    Effort to implement (E) 420797
    Time to implement (T)   6 hours, 30 minutes
    Est Delivered Bugs (B)  2
    Cyclomatic Complexity   18
    Maintainability (MI)    131

 Segment     Used  Free
-----------  ----  ----
00000-00003     4  0  
00004-00050    77  0  
00051-007FF   692  1275  
00800-00FFF     0  2048  



