
ROM used:   792/4096 (19%)
            792/4096 (19%) including unused fragments

            0.6 Average locations per line
            5.4 Average locations per statement

RAM used:   14/368 (4%) at main() level
            27/368 (7%) worst case

Stack used: 5 worst case (5 in main + 0 for interrupts)
Stack size: 8

Lines Stmts  %   Files
----- ----- ---  -----
   47    22  15  main.c
    5     0   0  main.h
  657     0   0  D:\Program Files\PICC\Devices\16F88.h
  456    84  58  D:\Program Files\PICC\Drivers\lcd.c
  135    40  27  D:\Program Files\PICC\Drivers\kbd.c
----- -----
 1300   146 Total

Page ROM  %  RAM    Vol Diff  Functions:
---- --- --- ---    --- ----  ----------
0     21   3    1             @delay_ms1
 Inline         3    596  5.9  lcd_read_byte
0      6   1    0     59  4.2  lcd_read_nibble
0     12   2    1    179  3.3  lcd_send_nibble
0     64   8    3    460  4.7  lcd_send_byte
0     61   8    6    814  7.2  lcd_init
0     18   2    4    208  6.3  lcd_gotoxy
0     44   6    1    354  4.7  lcd_putc
0     16   2    0    106  1.3  @const653
0      2   0    0      3  0.0  kbd_init
0    137  17    3   4540 10.2  kbd_getc
 Inline         2             @MUL88
0    135  17    3    603  5.2  MAIN
0      6   1    0             @const672
0     86  11    4             @PSTRINGC7_639
0      1   0    0             @const677
0      4   1    0             @const678
0     87  11    5             @PSTRINGCN7_639
0      4   1    0             @const681
0     21   3    3             @DIV88
0     53   7    2             @PRINTF_U_639
0      4   1    0             @const688
0      6   1    0             @const689
 Inline         0             @cinit1

Program metrics:
    Functions               11
    Statements              146
    Comments                257
    Volume (V)              11003
    Difficulty (D)          50.9
    Effort to implement (E) 559971
    Time to implement (T)   8 hours, 38 minutes
    Est Delivered Bugs (B)  2
    Cyclomatic Complexity   22
    Maintainability (MI)    139

 Segment     Used  Free
-----------  ----  ----
00000-00003     4  0  
00004-007FF   788  1256  
00800-00FFF     0  2048  



