
ROM used:   24/4096 (1%)
            24/4096 (1%) including unused fragments

            0.0 Average locations per line
            4.0 Average locations per statement

RAM used:   5/368 (1%) at main() level
            5/368 (1%) worst case

Stack used: 0 worst case (0 in main + 0 for interrupts)
Stack size: 8

Lines Stmts  %   Files
----- ----- ---  -----
   20     6 100  main.c
    5     0   0  main.h
  657     0   0  D:\Program Files\PICC\Devices\16F88.h
----- -----
  682     6 Total

Page ROM  %  RAM    Vol Diff  Functions:
---- --- --- ---    --- ----  ----------
0     20  83    0    110  2.5  main
 Inline         0             @cinit1

Program metrics:
    Functions               1
    Statements              6
    Comments                128
    Volume (V)              112
    Difficulty (D)          2.4
    Effort to implement (E) 265
    Time to implement (T)   0 minutes
    Est Delivered Bugs (B)  0
    Cyclomatic Complexity   1
    Maintainability (MI)    69

 Segment     Used  Free
-----------  ----  ----
00000-00003     4  0  
00004-007FF    20  2024  
00800-00FFF     0  2048  



