
ROM used:   213/4096 (5%)
            213/4096 (5%) including unused fragments

            0.3 Average locations per line
            4.6 Average locations per statement

RAM used:   15/368 (4%) at main() level
            17/368 (5%) worst case

Stack used: 1 worst case (0 in main + 1 for interrupts)
Stack size: 8

Lines Stmts  %   Files
----- ----- ---  -----
   85    46 100  main.c
    5     0   0  main.h
  657     0   0  D:\Program Files\PICC\Devices\16F88.h
----- -----
  747    46 Total

Page ROM  %  RAM    Vol Diff  Functions:
---- --- --- ---    --- ----  ----------
 Inline         1             @delay_ms1
0     16   8    0    163  3.9  TIMER0_isr
0     26  12    0    138  3.0  TIMER1_isr
0     72  34    1    519  4.3  RB_isr
0     36  17    0    200  2.7  MAIN
 Inline         0             @cinit1

Program metrics:
    Functions               4
    Statements              46
    Comments                182
    Volume (V)              1395
    Difficulty (D)          13.9
    Effort to implement (E) 19353
    Time to implement (T)   18 minutes
    Est Delivered Bugs (B)  0
    Cyclomatic Complexity   7
    Maintainability (MI)    58

 Segment     Used  Free
-----------  ----  ----
00000-00003     4  0  
00004-0003E    59  0  
0003F-007FF   150  1835  
00800-00FFF     0  2048  



