
ROM used:   119/4096 (3%)
            119/4096 (3%) including unused fragments

            0.2 Average locations per line
            8.5 Average locations per statement

RAM used:   6/368 (2%) at main() level
            10/368 (3%) worst case

Stack used: 0 worst case (0 in main + 0 for interrupts)
Stack size: 8

Lines Stmts  %   Files
----- ----- ---  -----
   38    14 100  main.c
    5     0   0  main.h
  657     0   0  D:\Program Files\PICC\Devices\16F88.h
----- -----
  700    14 Total

Page ROM  %  RAM    Vol Diff  Functions:
---- --- --- ---    --- ----  ----------
0     20  17    1             @delay_ms1
0     53  45    4    153  3.1  intermitencia
0     42  35    1    245  4.1  MAIN
 Inline         0             @cinit1

Program metrics:
    Functions               2
    Statements              14
    Comments                127
    Volume (V)              482
    Difficulty (D)          6.9
    Effort to implement (E) 3321
    Time to implement (T)   3 minutes
    Est Delivered Bugs (B)  0
    Cyclomatic Complexity   2
    Maintainability (MI)    100

 Segment     Used  Free
-----------  ----  ----
00000-00003     4  0  
00004-007FF   115  1929  
00800-00FFF     0  2048  



