
ROM used:   106/4096 (3%)
            106/4096 (3%) including unused fragments

            0.1 Average locations per line
            5.6 Average locations per statement

RAM used:   14/368 (4%) at main() level
            14/368 (4%) worst case

Stack used: 1 worst case (0 in main + 1 for interrupts)
Stack size: 8

Lines Stmts  %   Files
----- ----- ---  -----
   49    19 100  main.c
    5     0   0  main.h
  657     0   0  D:\Program Files\PICC\Devices\16F88.h
----- -----
  711    19 Total

Page ROM  %  RAM    Vol Diff  Functions:
---- --- --- ---    --- ----  ----------
0     11  10    0    117  3.0  TIMER0_isr
0      9   8    0     69  1.6  RB_isr
0     31  29    0    143  2.6  MAIN
 Inline         0             @cinit1

Program metrics:
    Functions               3
    Statements              19
    Comments                157
    Volume (V)              449
    Difficulty (D)          7.0
    Effort to implement (E) 3150
    Time to implement (T)   3 minutes
    Est Delivered Bugs (B)  0
    Cyclomatic Complexity   1
    Maintainability (MI)    66

 Segment     Used  Free
-----------  ----  ----
00000-00003     4  0  
00004-00036    51  0  
00037-007FF    51  1942  
00800-00FFF     0  2048  



