
ROM used:   120/4096 (3%)
            120/4096 (3%) including unused fragments

            0.2 Average locations per line
            9.2 Average locations per statement

RAM used:   6/368 (2%) at main() level
            10/368 (3%) worst case

Stack used: 0 worst case (0 in main + 0 for interrupts)
Stack size: 8

Lines Stmts  %   Files
----- ----- ---  -----
   34    13 100  main.c
    5     0   0  main.h
  657     0   0  D:\Program Files\PICC\Devices\16F88.h
----- -----
  696    13 Total

Page ROM  %  RAM    Vol Diff  Functions:
---- --- --- ---    --- ----  ----------
0     21  18    1             @delay_ms1
0     53  44    4    153  3.1  intermitenciaPA
0     42  35    1    240  4.1  MAIN
 Inline         0             @cinit1

Program metrics:
    Functions               2
    Statements              13
    Comments                128
    Volume (V)              476
    Difficulty (D)          6.9
    Effort to implement (E) 3280
    Time to implement (T)   3 minutes
    Est Delivered Bugs (B)  0
    Cyclomatic Complexity   2
    Maintainability (MI)    103

 Segment     Used  Free
-----------  ----  ----
00000-00003     4  0  
00004-007FF   116  1928  
00800-00FFF     0  2048  



